[debug] [2026-05-18T13:06:46.448Z] ----------------------------------------------------------------------
[debug] [2026-05-18T13:06:46.449Z] Command:       /opt/homebrew/Cellar/node/25.9.0_1/bin/node /opt/homebrew/bin/firebase projects:list
[debug] [2026-05-18T13:06:46.449Z] CLI Version:   15.17.0
[debug] [2026-05-18T13:06:46.449Z] Platform:      darwin
[debug] [2026-05-18T13:06:46.449Z] Node Version:  v25.9.0
[debug] [2026-05-18T13:06:46.449Z] Time:          Mon May 18 2026 08:06:46 GMT-0500 (Central Daylight Time)
[debug] [2026-05-18T13:06:46.449Z] ----------------------------------------------------------------------
[debug] 
[debug] [2026-05-18T13:06:46.449Z] >>> [apiv2][query] GET https://firebase-public.firebaseio.com/cli.json [none]
[debug] [2026-05-18T13:06:46.463Z] > command requires scopes: ["email","openid","https://www.googleapis.com/auth/cloudplatformprojects.readonly","https://www.googleapis.com/auth/firebase","https://www.googleapis.com/auth/cloud-platform"]
[debug] [2026-05-18T13:06:46.463Z] > authorizing via signed-in user (eric@bloomcamp.com)
[debug] [2026-05-18T13:06:46.464Z] Checked if tokens are valid: false, expires at: 1778784268735
[debug] [2026-05-18T13:06:46.464Z] Checked if tokens are valid: false, expires at: 1778784268735
[debug] [2026-05-18T13:06:46.464Z] > refreshing access token with scopes: []
[debug] [2026-05-18T13:06:46.465Z] >>> [apiv2][query] POST https://www.googleapis.com/oauth2/v3/token [none]
[debug] [2026-05-18T13:06:46.465Z] >>> [apiv2][body] POST https://www.googleapis.com/oauth2/v3/token [omitted]
[debug] [2026-05-18T13:06:46.581Z] <<< [apiv2][status] GET https://firebase-public.firebaseio.com/cli.json 200
[debug] [2026-05-18T13:06:46.581Z] <<< [apiv2][body] GET https://firebase-public.firebaseio.com/cli.json {"cloudBuildErrorAfter":1594252800000,"cloudBuildWarnAfter":1590019200000,"defaultNode10After":1594252800000,"minVersion":"3.0.5","node8DeploysDisabledAfter":1613390400000,"node8RuntimeDisabledAfter":1615809600000,"node8WarnAfter":1600128000000}
[debug] [2026-05-18T13:06:46.600Z] <<< [apiv2][status] POST https://www.googleapis.com/oauth2/v3/token 400
[debug] [2026-05-18T13:06:46.600Z] <<< [apiv2][body] POST https://www.googleapis.com/oauth2/v3/token [omitted]
[error] Authentication Error: Your credentials are no longer valid. Please run firebase login --reauth

For CI servers and headless environments, generate a new token with firebase login:ci
[error] Authentication Error: Your credentials are no longer valid. Please run firebase login --reauth

For CI servers and headless environments, generate a new token with firebase login:ci
[debug] [2026-05-18T13:06:46.601Z] Authentication Error: Your credentials are no longer valid. Please run firebase login --reauth

For CI servers and headless environments, generate a new token with firebase login:ci
[debug] [2026-05-18T13:06:46.601Z] FirebaseError: Authentication Error: Your credentials are no longer valid. Please run firebase login --reauth

For CI servers and headless environments, generate a new token with firebase login:ci
    at invalidCredentialError (/opt/homebrew/lib/node_modules/firebase-tools/lib/auth.js:177:12)
    at refreshTokens (/opt/homebrew/lib/node_modules/firebase-tools/lib/auth.js:590:15)
    at process.processTicksAndRejections (node:internal/process/task_queues:104:5)
    at async getAccessToken (/opt/homebrew/lib/node_modules/firebase-tools/lib/apiv2.js:52:18)
    at async Client.addAuthHeader (/opt/homebrew/lib/node_modules/firebase-tools/lib/apiv2.js:182:21)
    at async Client.request (/opt/homebrew/lib/node_modules/firebase-tools/lib/apiv2.js:129:34)
    at async getProjectPage (/opt/homebrew/lib/node_modules/firebase-tools/lib/management/projects.js:287:17)
    at async getFirebaseProjectPage (/opt/homebrew/lib/node_modules/firebase-tools/lib/management/projects.js:304:23)
    at async listFirebaseProjects (/opt/homebrew/lib/node_modules/firebase-tools/lib/management/projects.js:333:29)
    at async Command.actionFn (/opt/homebrew/lib/node_modules/firebase-tools/lib/commands/projects-list.js:51:20)
[error] 
[error] Error: Failed to list Firebase projects. See firebase-debug.log for more info.
